2019-08-18 13:43:13 [DEBUG] - asynchronous.EventMananger -EventMananger.java(30) -Starting EventMgr
2019-08-18 13:43:13 [DEBUG] - asynchronous.EventMananger -EventMananger.java(37) -Started EventMgr
2019-08-18 13:43:13 [DEBUG] - asynchronous.AsyncWorkThreadPool -AsyncWorkThreadPool.java(78) -Starting AsyncWorkThreadPool. total thread size: 10
2019-08-18 13:43:13 [ INFO] - asynchronous.AsyncWorkThreadPool -AsyncWorkThreadPool.java(87) -Clean Thread Started...
2019-08-18 13:45:56 [DEBUG] - asynchronous.EventMananger -EventMananger.java(30) -Starting EventMgr
2019-08-18 13:45:56 [DEBUG] - asynchronous.EventMananger -EventMananger.java(37) -Started EventMgr
2019-08-18 13:45:56 [DEBUG] - asynchronous.AsyncWorkThreadPool -AsyncWorkThreadPool.java(78) -Starting AsyncWorkThreadPool. total thread size: 10
2019-08-18 13:45:56 [ INFO] - asynchronous.AsyncWorkThreadPool -AsyncWorkThreadPool.java(87) -Clean Thread Started...
2019-08-18 13:45:57 [ INFO] - asynchronous.AsyncTask -AsyncTask.java(61) -Starting to exec task 8bf7a155-2e51-4669-bc3e-431d5aaa20ec at time 1566107157153
2019-08-18 13:45:57 [DEBUG] - asynchronous.AsyncEvent -AsyncEvent.java(103) -update event 8bf7a155-2e51-4669-bc3e-431d5aaa20ec status from PENDING to PROCESSING at 20190818134557154
2019-08-18 13:45:57 [ INFO] - asynchronous.AsyncWorkThreadPool -AsyncWorkThreadPool.java(53) -Add async task to queue complete,relate event information:EventId:8bf7a155-2e51-4669-bc3e-431d5aaa20ec EventType: StartTime:20190818134557046
2019-08-18 13:45:57 [ INFO] - asynchronous.EventMananger -EventMananger.java(76) -add event 8bf7a155-2e51-4669-bc3e-431d5aaa20ec success
2019-08-18 13:46:02 [DEBUG] - asynchronous.AsyncEvent -AsyncEvent.java(103) -update event 8bf7a155-2e51-4669-bc3e-431d5aaa20ec status from PROCESSING to COMPLETED at 20190818134602160
2019-08-18 13:46:02 [ INFO] - asynchronous.AsyncTask -AsyncTask.java(96) -Task 8bf7a155-2e51-4669-bc3e-431d5aaa20ec exec over,time use:5008
2019-08-18 13:47:32 [DEBUG] - asynchronous.EventMananger -EventMananger.java(30) -Starting EventMgr
2019-08-18 13:47:32 [DEBUG] - asynchronous.EventMananger -EventMananger.java(37) -Started EventMgr
2019-08-18 13:47:32 [DEBUG] - asynchronous.AsyncWorkThreadPool -AsyncWorkThreadPool.java(78) -Starting AsyncWorkThreadPool. total thread size: 10
2019-08-18 13:47:32 [ INFO] - asynchronous.AsyncWorkThreadPool -AsyncWorkThreadPool.java(87) -Clean Thread Started...
2019-08-18 13:47:32 [ INFO] - asynchronous.AsyncTask -AsyncTask.java(61) -Starting to exec task 228e5703-92b1-4285-b6a4-1bdf087b2a3b at time 1566107252839
2019-08-18 13:47:32 [DEBUG] - asynchronous.AsyncEvent -AsyncEvent.java(103) -update event 228e5703-92b1-4285-b6a4-1bdf087b2a3b status from PENDING to PROCESSING at 20190818134732839
2019-08-18 13:47:32 [ INFO] - asynchronous.AsyncWorkThreadPool -AsyncWorkThreadPool.java(53) -Add async task to queue complete,relate event information:EventId:228e5703-92b1-4285-b6a4-1bdf087b2a3b EventType: StartTime:20190818134732754
2019-08-18 13:47:32 [ INFO] - asynchronous.EventMananger -EventMananger.java(76) -add event 228e5703-92b1-4285-b6a4-1bdf087b2a3b success
2019-08-18 13:47:47 [DEBUG] - asynchronous.AsyncEvent -AsyncEvent.java(103) -update event 228e5703-92b1-4285-b6a4-1bdf087b2a3b status from PROCESSING to COMPLETED at 20190818134747852
2019-08-18 13:47:47 [ INFO] - asynchronous.AsyncTask -AsyncTask.java(96) -Task 228e5703-92b1-4285-b6a4-1bdf087b2a3b exec over,time use:15014
2019-08-18 13:51:07 [DEBUG] - asynchronous.AsyncWorkThreadPool -AsyncWorkThreadPool.java(77) -Starting AsyncWorkThreadPool. total thread size: 10
2019-08-18 13:51:07 [ INFO] - asynchronous.AsyncWorkThreadPool -AsyncWorkThreadPool.java(86) -Thread Pool Started...
2019-08-18 13:51:07 [DEBUG] - asynchronous.EventMananger -EventMananger.java(30) -Starting EventMgr
2019-08-18 13:51:07 [DEBUG] - asynchronous.EventMananger -EventMananger.java(38) -Started EventMgr
2019-08-18 13:51:08 [ INFO] - asynchronous.AsyncTask -AsyncTask.java(61) -Starting to exec task 96e7adac-a04b-4eb3-ad5f-477d395bf0c8 at time 1566107468190
2019-08-18 13:51:08 [ INFO] - asynchronous.AsyncWorkThreadPool -AsyncWorkThreadPool.java(52) -Add async task to queue complete,relate event information:EventId:96e7adac-a04b-4eb3-ad5f-477d395bf0c8 EventType: StartTime:20190818135108091
2019-08-18 13:51:08 [DEBUG] - asynchronous.AsyncEvent -AsyncEvent.java(103) -update event 96e7adac-a04b-4eb3-ad5f-477d395bf0c8 status from PENDING to PROCESSING at 20190818135108194
2019-08-18 13:51:08 [ INFO] - asynchronous.EventMananger -EventMananger.java(77) -add event 96e7adac-a04b-4eb3-ad5f-477d395bf0c8 success
2019-08-18 13:53:45 [DEBUG] - asynchronous.AsyncWorkThreadPool -AsyncWorkThreadPool.java(77) -Starting AsyncWorkThreadPool. total thread size: 10
2019-08-18 13:53:45 [ INFO] - asynchronous.AsyncWorkThreadPool -AsyncWorkThreadPool.java(86) -Thread Pool Started...
2019-08-18 13:53:45 [DEBUG] - asynchronous.EventMananger -EventMananger.java(30) -Starting EventMgr
2019-08-18 13:53:45 [DEBUG] - asynchronous.EventMananger -EventMananger.java(38) -Started EventMgr
2019-08-18 13:53:46 [ INFO] - asynchronous.AsyncTask -AsyncTask.java(61) -Starting to exec task 106055be-2bc7-41dc-8997-52884e03eb3c at time 1566107626729
2019-08-18 13:53:46 [ INFO] - asynchronous.AsyncWorkThreadPool -AsyncWorkThreadPool.java(52) -Add async task to queue complete,relate event information:EventId:106055be-2bc7-41dc-8997-52884e03eb3c EventType: StartTime:20190818135346649
2019-08-18 13:53:46 [DEBUG] - asynchronous.AsyncEvent -AsyncEvent.java(103) -update event 106055be-2bc7-41dc-8997-52884e03eb3c status from PENDING to PROCESSING at 20190818135346732
2019-08-18 13:53:46 [ INFO] - asynchronous.EventMananger -EventMananger.java(77) -add event 106055be-2bc7-41dc-8997-52884e03eb3c success
2019-08-18 13:54:01 [DEBUG] - asynchronous.AsyncEvent -AsyncEvent.java(103) -update event 106055be-2bc7-41dc-8997-52884e03eb3c status from PROCESSING to COMPLETED at 20190818135401739
2019-08-18 13:54:01 [ INFO] - asynchronous.AsyncTask -AsyncTask.java(96) -Task 106055be-2bc7-41dc-8997-52884e03eb3c exec over,time use:15011
2019-08-18 13:55:50 [DEBUG] - asynchronous.AsyncWorkThreadPool -AsyncWorkThreadPool.java(77) -Starting AsyncWorkThreadPool. total thread size: 10
2019-08-18 13:55:50 [ INFO] - asynchronous.AsyncWorkThreadPool -AsyncWorkThreadPool.java(86) -Thread Pool Started...
2019-08-18 13:55:50 [DEBUG] - asynchronous.EventMananger -EventMananger.java(30) -Starting EventMgr
2019-08-18 13:55:50 [DEBUG] - asynchronous.EventMananger -EventMananger.java(38) -Started EventMgr
2019-08-18 13:55:51 [ INFO] - asynchronous.AsyncTask -AsyncTask.java(61) -Starting to exec task 12ab6006-721b-42f8-87d3-60fae251146b at time 1566107751046
2019-08-18 13:55:51 [ INFO] - asynchronous.AsyncWorkThreadPool -AsyncWorkThreadPool.java(52) -Add async task to queue complete,relate event information:EventId:12ab6006-721b-42f8-87d3-60fae251146b EventType: StartTime:20190818135550948
2019-08-18 13:55:51 [DEBUG] - asynchronous.AsyncEvent -AsyncEvent.java(103) -update event 12ab6006-721b-42f8-87d3-60fae251146b status from PENDING to PROCESSING at 20190818135551051
2019-08-18 13:55:51 [ INFO] - asynchronous.EventMananger -EventMananger.java(77) -add event 12ab6006-721b-42f8-87d3-60fae251146b success
2019-08-18 13:56:06 [DEBUG] - asynchronous.AsyncEvent -AsyncEvent.java(103) -update event 12ab6006-721b-42f8-87d3-60fae251146b status from PROCESSING to COMPLETED at 20190818135606085
2019-08-18 13:56:06 [ INFO] - asynchronous.AsyncTask -AsyncTask.java(96) -Task 12ab6006-721b-42f8-87d3-60fae251146b exec over,time use:15040
2019-08-18 13:58:35 [DEBUG] - asynchronous.AsyncWorkThreadPool -AsyncWorkThreadPool.java(77) -Starting AsyncWorkThreadPool. total thread size: 10
2019-08-18 13:58:35 [ INFO] - asynchronous.AsyncWorkThreadPool -AsyncWorkThreadPool.java(86) -Thread Pool Started...
2019-08-18 13:58:35 [DEBUG] - asynchronous.EventMananger -EventMananger.java(30) -Starting EventMgr
2019-08-18 13:58:35 [DEBUG] - asynchronous.EventMananger -EventMananger.java(38) -Started EventMgr
2019-08-18 13:59:12 [DEBUG] - asynchronous.AsyncWorkThreadPool -AsyncWorkThreadPool.java(77) -Starting AsyncWorkThreadPool. total thread size: 10
2019-08-18 13:59:12 [ INFO] - asynchronous.AsyncWorkThreadPool -AsyncWorkThreadPool.java(86) -Thread Pool Started...
2019-08-18 13:59:12 [DEBUG] - asynchronous.EventMananger -EventMananger.java(30) -Starting EventMgr
2019-08-18 13:59:12 [DEBUG] - asynchronous.EventMananger -EventMananger.java(38) -Started EventMgr
2019-08-18 13:59:13 [ INFO] - asynchronous.AsyncTask -AsyncTask.java(61) -Starting to exec task 498db430-1801-4790-807d-fef9d4658984 at time 1566107953483
2019-08-18 13:59:13 [ INFO] - asynchronous.AsyncWorkThreadPool -AsyncWorkThreadPool.java(52) -Add async task to queue complete,relate event information:EventId:498db430-1801-4790-807d-fef9d4658984 EventType: StartTime:20190818135913378
2019-08-18 13:59:13 [ INFO] - asynchronous.EventMananger -EventMananger.java(77) -add event 498db430-1801-4790-807d-fef9d4658984 success
2019-08-18 13:59:13 [DEBUG] - asynchronous.AsyncEvent -AsyncEvent.java(103) -update event 498db430-1801-4790-807d-fef9d4658984 status from PENDING to PROCESSING at 20190818135913488
2019-08-18 13:59:28 [DEBUG] - asynchronous.AsyncEvent -AsyncEvent.java(103) -update event 498db430-1801-4790-807d-fef9d4658984 status from PROCESSING to COMPLETED at 20190818135928499
2019-08-18 13:59:28 [ INFO] - asynchronous.AsyncTask -AsyncTask.java(96) -Task 498db430-1801-4790-807d-fef9d4658984 exec over,time use:15016
2019-08-18 14:00:34 [DEBUG] - asynchronous.AsyncWorkThreadPool -AsyncWorkThreadPool.java(77) -Starting AsyncWorkThreadPool. total thread size: 10
2019-08-18 14:00:34 [ INFO] - asynchronous.AsyncWorkThreadPool -AsyncWorkThreadPool.java(86) -Thread Pool Started...
2019-08-18 14:00:34 [DEBUG] - asynchronous.EventMananger -EventMananger.java(30) -Starting EventMgr
2019-08-18 14:00:34 [DEBUG] - asynchronous.EventMananger -EventMananger.java(38) -Started EventMgr
2019-08-18 14:00:35 [ INFO] - asynchronous.AsyncTask -AsyncTask.java(61) -Starting to exec task 82dc2cf5-92ac-41df-943a-32b076c74b7c at time 1566108035021
2019-08-18 14:00:35 [ INFO] - asynchronous.AsyncWorkThreadPool -AsyncWorkThreadPool.java(52) -Add async task to queue complete,relate event information:EventId:82dc2cf5-92ac-41df-943a-32b076c74b7c EventType: StartTime:20190818140034925
2019-08-18 14:00:35 [ INFO] - asynchronous.EventMananger -EventMananger.java(77) -add event 82dc2cf5-92ac-41df-943a-32b076c74b7c success
2019-08-18 14:00:35 [DEBUG] - asynchronous.AsyncEvent -AsyncEvent.java(103) -update event 82dc2cf5-92ac-41df-943a-32b076c74b7c status from PENDING to PROCESSING at 20190818140035024
2019-08-18 14:01:11 [DEBUG] - asynchronous.AsyncWorkThreadPool -AsyncWorkThreadPool.java(77) -Starting AsyncWorkThreadPool. total thread size: 10
2019-08-18 14:01:11 [ INFO] - asynchronous.AsyncWorkThreadPool -AsyncWorkThreadPool.java(86) -Thread Pool Started...
2019-08-18 14:01:11 [DEBUG] - asynchronous.EventMananger -EventMananger.java(30) -Starting EventMgr
2019-08-18 14:01:11 [DEBUG] - asynchronous.EventMananger -EventMananger.java(38) -Started EventMgr
2019-08-18 14:01:12 [ INFO] - asynchronous.AsyncTask -AsyncTask.java(61) -Starting to exec task 919c81af-f835-41a1-86fd-64f79b11f87b at time 1566108072005
2019-08-18 14:01:12 [ INFO] - asynchronous.AsyncWorkThreadPool -AsyncWorkThreadPool.java(52) -Add async task to queue complete,relate event information:EventId:919c81af-f835-41a1-86fd-64f79b11f87b EventType: StartTime:20190818140111919
2019-08-18 14:01:12 [DEBUG] - asynchronous.AsyncEvent -AsyncEvent.java(103) -update event 919c81af-f835-41a1-86fd-64f79b11f87b status from PENDING to PROCESSING at 20190818140112011
2019-08-18 14:01:12 [ INFO] - asynchronous.EventMananger -EventMananger.java(77) -add event 919c81af-f835-41a1-86fd-64f79b11f87b success
2019-08-18 14:01:52 [DEBUG] - asynchronous.AsyncWorkThreadPool -AsyncWorkThreadPool.java(77) -Starting AsyncWorkThreadPool. total thread size: 10
2019-08-18 14:01:52 [ INFO] - asynchronous.AsyncWorkThreadPool -AsyncWorkThreadPool.java(86) -Thread Pool Started...
2019-08-18 14:01:52 [DEBUG] - asynchronous.EventMananger -EventMananger.java(30) -Starting EventMgr
2019-08-18 14:01:52 [DEBUG] - asynchronous.EventMananger -EventMananger.java(38) -Started EventMgr
2019-08-18 14:01:52 [ INFO] - asynchronous.AsyncTask -AsyncTask.java(61) -Starting to exec task b62a10bd-292b-4629-86c0-67273af7db67 at time 1566108112927
2019-08-18 14:01:52 [ INFO] - asynchronous.AsyncWorkThreadPool -AsyncWorkThreadPool.java(52) -Add async task to queue complete,relate event information:EventId:b62a10bd-292b-4629-86c0-67273af7db67 EventType: StartTime:20190818140152832
2019-08-18 14:01:52 [DEBUG] - asynchronous.AsyncEvent -AsyncEvent.java(103) -update event b62a10bd-292b-4629-86c0-67273af7db67 status from PENDING to PROCESSING at 20190818140152930
2019-08-18 14:01:52 [ INFO] - asynchronous.EventMananger -EventMananger.java(77) -add event b62a10bd-292b-4629-86c0-67273af7db67 success
2019-08-18 14:02:07 [DEBUG] - asynchronous.AsyncEvent -AsyncEvent.java(103) -update event b62a10bd-292b-4629-86c0-67273af7db67 status from PROCESSING to COMPLETED at 20190818140207936
2019-08-18 14:02:07 [ INFO] - asynchronous.AsyncTask -AsyncTask.java(96) -Task b62a10bd-292b-4629-86c0-67273af7db67 exec over,time use:15010
2019-08-18 16:41:23 [DEBUG] - asynchronous.AsyncWorkThreadPool -AsyncWorkThreadPool.java(77) -Starting AsyncWorkThreadPool. total thread size: 10
2019-08-18 16:41:23 [ INFO] - asynchronous.AsyncWorkThreadPool -AsyncWorkThreadPool.java(86) -Thread Pool Started...
2019-08-18 16:41:23 [DEBUG] - asynchronous.EventMananger -EventMananger.java(30) -Starting EventMgr
2019-08-18 16:41:23 [DEBUG] - asynchronous.EventMananger -EventMananger.java(38) -Started EventMgr
2019-08-18 16:41:24 [ INFO] - asynchronous.AsyncTask -AsyncTask.java(61) -Starting to exec task fac40198-784d-40ea-834b-e53bb16be4ed at time 1566117684679
2019-08-18 16:41:24 [ INFO] - asynchronous.AsyncWorkThreadPool -AsyncWorkThreadPool.java(52) -Add async task to queue complete,relate event information:EventId:fac40198-784d-40ea-834b-e53bb16be4ed EventType: StartTime:20190818164124595
2019-08-18 16:41:24 [DEBUG] - asynchronous.AsyncEvent -AsyncEvent.java(103) -update event fac40198-784d-40ea-834b-e53bb16be4ed status from PENDING to PROCESSING at 20190818164124682
2019-08-18 16:41:24 [ INFO] - asynchronous.EventMananger -EventMananger.java(77) -add event fac40198-784d-40ea-834b-e53bb16be4ed success
2019-08-18 16:41:39 [DEBUG] - asynchronous.AsyncEvent -AsyncEvent.java(103) -update event fac40198-784d-40ea-834b-e53bb16be4ed status from PROCESSING to COMPLETED at 20190818164139687
2019-08-18 16:41:39 [ INFO] - asynchronous.AsyncTask -AsyncTask.java(96) -Task fac40198-784d-40ea-834b-e53bb16be4ed exec over,time use:15009
